15:23:03,218 root WARNING Type_Fail: C:\Users\Daniel Bunker\Desktop\Test\Effect Presets and Custom Items.prfpset
15:23:03,218 root WARNING Type_Fail: C:\Users\Daniel Bunker\Desktop\Test\Adobe Media Encoder Log.txt
15:23:03,219 root WARNING Type_Fail: C:\Users\Daniel Bunker\Desktop\Test\AMEEncodingErrorLog.txt
15:23:03,219 root WARNING Type_Fail: C:\Users\Daniel Bunker\Desktop\Test\AMEEncodingLog.txt
15:23:03,220 root WARNING Type_Fail: C:\Users\Daniel Bunker\Desktop\Test\Plugin Loading.log
15:23:03,221 root WARNING Type_Fail: C:\Users\Daniel Bunker\Desktop\Test\Trace Database.txt
15:23:03,221 root WARNING Type_Fail: C:\Users\Daniel Bunker\Desktop\Test\AMEPrefs.xml
15:23:03,222 root WARNING Type_Fail: C:\Users\Daniel Bunker\Desktop\Test\AppPrefs.xml
15:23:03,223 root WARNING Type_Fail: C:\Users\Daniel Bunker\Desktop\Test\batch.xml
15:23:03,223 root WARNING Type_Fail: C:\Users\Daniel Bunker\Desktop\Test\PresetCache.xml
15:23:03,224 root WARNING Type_Fail: C:\Users\Daniel Bunker\Desktop\Test\PresetTree.xml
15:23:03,224 root WARNING Type_Fail: C:\Users\Daniel Bunker\Desktop\Test\UserWorkspace.xml
15:23:03,225 root WARNING Type_Fail: C:\Users\Daniel Bunker\Desktop\Test\UserWorkspace_2.xml
15:23:03,226 root WARNING Type_Fail: C:\Users\Daniel Bunker\Desktop\Test\UserWorkspace_6.xml
15:23:03,226 root WARNING Type_Fail: C:\Users\Daniel Bunker\Desktop\Test\Watch Folder Info.xml
15:23:03,227 root WARNING Type_Fail: C:\Users\Daniel Bunker\Desktop\Test\WorkspaceConfig.xml
15:23:03,228 root WARNING Type_Fail: C:\Users\Daniel Bunker\Desktop\Test\MeterBars.inc
15:23:03,228 root WARNING Type_Fail: C:\Users\Daniel Bunker\Desktop\Test\visualizer.ini
15:23:03,229 root WARNING Type_Fail: C:\Users\Daniel Bunker\Desktop\Test\(Config).essentialsound
15:23:03,229 root WARNING Type_Fail: C:\Users\Daniel Bunker\Desktop\Test\Adobe Media Encoder Prefs
15:23:03,230 root WARNING Type_Fail: C:\Users\Daniel Bunker\Desktop\Test\Adobe Premiere Pro Prefs
15:23:03,230 root WARNING Type_Fail: C:\Users\Daniel Bunker\Desktop\Test\AMERequestDB
15:23:03,231 root WARNING Type_Fail: C:\Users\Daniel Bunker\Desktop\Test\LocateDialog Column Settings
15:23:03,231 root WARNING Type_Fail: C:\Users\Daniel Bunker\Desktop\Test\WSMgrCfg
15:23:03,232 root WARNING Type_Fail: C:\Users\Daniel Bunker\Desktop\Test\Bunker Media.kys
15:23:03,232 root WARNING Type_Fail: C:\Users\Daniel Bunker\Desktop\Test\YouTour.kys
15:23:03,233 root WARNING Metadata_Fail: C:\Users\Daniel Bunker\Desktop\Test\Bad High Five.mp4
15:23:03,235 root WARNING Metadata_Fail: C:\Users\Daniel Bunker\Desktop\Test\CAC_Interview_bloopers_2.mp4
15:24:43,40 root WARNING Type_Fail: C:\Users\Daniel Bunker\Desktop\Test\Effect Presets and Custom Items.prfpset
15:24:43,41 root WARNING Type_Fail: C:\Users\Daniel Bunker\Desktop\Test\Adobe Media Encoder Log.txt
15:24:43,41 root WARNING Type_Fail: C:\Users\Daniel Bunker\Desktop\Test\AMEEncodingErrorLog.txt
15:24:43,42 root WARNING Type_Fail: C:\Users\Daniel Bunker\Desktop\Test\AMEEncodingLog.txt
15:24:43,43 root WARNING Type_Fail: C:\Users\Daniel Bunker\Desktop\Test\Plugin Loading.log
15:24:43,45 root WARNING Type_Fail: C:\Users\Daniel Bunker\Desktop\Test\Trace Database.txt
15:24:43,46 root WARNING Type_Fail: C:\Users\Daniel Bunker\Desktop\Test\AMEPrefs.xml
15:24:43,46 root WARNING Type_Fail: C:\Users\Daniel Bunker\Desktop\Test\AppPrefs.xml
15:24:43,47 root WARNING Type_Fail: C:\Users\Daniel Bunker\Desktop\Test\batch.xml
15:24:43,48 root WARNING Type_Fail: C:\Users\Daniel Bunker\Desktop\Test\PresetCache.xml
15:24:43,49 root WARNING Type_Fail: C:\Users\Daniel Bunker\Desktop\Test\PresetTree.xml
15:24:43,49 root WARNING Type_Fail: C:\Users\Daniel Bunker\Desktop\Test\UserWorkspace.xml
15:24:43,49 root WARNING Type_Fail: C:\Users\Daniel Bunker\Desktop\Test\UserWorkspace_2.xml
15:24:43,50 root WARNING Type_Fail: C:\Users\Daniel Bunker\Desktop\Test\UserWorkspace_6.xml
15:24:43,50 root WARNING Type_Fail: C:\Users\Daniel Bunker\Desktop\Test\Watch Folder Info.xml
15:24:43,50 root WARNING Type_Fail: C:\Users\Daniel Bunker\Desktop\Test\WorkspaceConfig.xml
15:24:43,51 root WARNING Type_Fail: C:\Users\Daniel Bunker\Desktop\Test\MeterBars.inc
15:24:43,51 root WARNING Type_Fail: C:\Users\Daniel Bunker\Desktop\Test\visualizer.ini
15:24:43,51 root WARNING Type_Fail: C:\Users\Daniel Bunker\Desktop\Test\(Config).essentialsound
15:24:43,52 root WARNING Type_Fail: C:\Users\Daniel Bunker\Desktop\Test\Adobe Media Encoder Prefs
15:24:43,52 root WARNING Type_Fail: C:\Users\Daniel Bunker\Desktop\Test\Adobe Premiere Pro Prefs
15:24:43,52 root WARNING Type_Fail: C:\Users\Daniel Bunker\Desktop\Test\AMERequestDB
15:24:43,53 root WARNING Type_Fail: C:\Users\Daniel Bunker\Desktop\Test\LocateDialog Column Settings
15:24:43,53 root WARNING Type_Fail: C:\Users\Daniel Bunker\Desktop\Test\WSMgrCfg
15:24:43,53 root WARNING Type_Fail: C:\Users\Daniel Bunker\Desktop\Test\Bunker Media.kys
15:24:43,54 root WARNING Type_Fail: C:\Users\Daniel Bunker\Desktop\Test\YouTour.kys
15:24:43,54 root WARNING Metadata_Fail: C:\Users\Daniel Bunker\Desktop\Test\Bad High Five.mp4
15:24:43,55 root WARNING Metadata_Fail: C:\Users\Daniel Bunker\Desktop\Test\CAC_Interview_bloopers_2.mp4
15:27:16,586 root WARNING Type_Fail: C:\Users\Daniel Bunker\Desktop\Test\Effect Presets and Custom Items.prfpset
15:27:16,586 root WARNING Type_Fail: C:\Users\Daniel Bunker\Desktop\Test\Adobe Media Encoder Log.txt
15:27:16,587 root WARNING Type_Fail: C:\Users\Daniel Bunker\Desktop\Test\AMEEncodingErrorLog.txt
15:27:16,587 root WARNING Type_Fail: C:\Users\Daniel Bunker\Desktop\Test\AMEEncodingLog.txt
15:27:16,589 root WARNING Type_Fail: C:\Users\Daniel Bunker\Desktop\Test\Plugin Loading.log
15:27:16,590 root WARNING Type_Fail: C:\Users\Daniel Bunker\Desktop\Test\Trace Database.txt
15:27:16,591 root WARNING Type_Fail: C:\Users\Daniel Bunker\Desktop\Test\AMEPrefs.xml
15:27:16,591 root WARNING Type_Fail: C:\Users\Daniel Bunker\Desktop\Test\AppPrefs.xml
15:27:16,592 root WARNING Type_Fail: C:\Users\Daniel Bunker\Desktop\Test\batch.xml
15:27:16,593 root WARNING Type_Fail: C:\Users\Daniel Bunker\Desktop\Test\PresetCache.xml
15:27:16,593 root WARNING Type_Fail: C:\Users\Daniel Bunker\Desktop\Test\PresetTree.xml
15:27:16,594 root WARNING Type_Fail: C:\Users\Daniel Bunker\Desktop\Test\UserWorkspace.xml
15:27:16,594 root WARNING Type_Fail: C:\Users\Daniel Bunker\Desktop\Test\UserWorkspace_2.xml
15:27:16,595 root WARNING Type_Fail: C:\Users\Daniel Bunker\Desktop\Test\UserWorkspace_6.xml
15:27:16,595 root WARNING Type_Fail: C:\Users\Daniel Bunker\Desktop\Test\Watch Folder Info.xml
15:27:16,595 root WARNING Type_Fail: C:\Users\Daniel Bunker\Desktop\Test\WorkspaceConfig.xml
15:27:16,596 root WARNING Type_Fail: C:\Users\Daniel Bunker\Desktop\Test\MeterBars.inc
15:27:16,596 root WARNING Type_Fail: C:\Users\Daniel Bunker\Desktop\Test\visualizer.ini
15:27:16,596 root WARNING Type_Fail: C:\Users\Daniel Bunker\Desktop\Test\(Config).essentialsound
15:27:16,597 root WARNING Type_Fail: C:\Users\Daniel Bunker\Desktop\Test\Adobe Media Encoder Prefs
15:27:16,597 root WARNING Type_Fail: C:\Users\Daniel Bunker\Desktop\Test\Adobe Premiere Pro Prefs
15:27:16,597 root WARNING Type_Fail: C:\Users\Daniel Bunker\Desktop\Test\AMERequestDB
15:27:16,598 root WARNING Type_Fail: C:\Users\Daniel Bunker\Desktop\Test\LocateDialog Column Settings
15:27:16,598 root WARNING Type_Fail: C:\Users\Daniel Bunker\Desktop\Test\WSMgrCfg
15:27:16,598 root WARNING Type_Fail: C:\Users\Daniel Bunker\Desktop\Test\Bunker Media.kys
15:27:16,599 root WARNING Type_Fail: C:\Users\Daniel Bunker\Desktop\Test\YouTour.kys
15:27:16,599 root WARNING Metadata_Fail: C:\Users\Daniel Bunker\Desktop\Test\Bad High Five.mp4
15:27:16,600 root WARNING Metadata_Fail: C:\Users\Daniel Bunker\Desktop\Test\CAC_Interview_bloopers_2.mp4
15:27:34,733 root WARNING Metadata_Fail: C:\Users\Daniel Bunker\Desktop\Test\CAC_Interview_bloopers_2.mp4
15:27:34,810 root WARNING Type_Fail: C:\Users\Daniel Bunker\Desktop\Test\Effect Presets and Custom Items.prfpset
15:27:34,811 root WARNING Type_Fail: C:\Users\Daniel Bunker\Desktop\Test\Adobe Media Encoder Log.txt
15:27:34,811 root WARNING Type_Fail: C:\Users\Daniel Bunker\Desktop\Test\AMEEncodingErrorLog.txt
15:27:34,812 root WARNING Type_Fail: C:\Users\Daniel Bunker\Desktop\Test\AMEEncodingLog.txt
15:27:34,812 root WARNING Type_Fail: C:\Users\Daniel Bunker\Desktop\Test\Plugin Loading.log
15:27:34,813 root WARNING Type_Fail: C:\Users\Daniel Bunker\Desktop\Test\Trace Database.txt
15:27:34,813 root WARNING Type_Fail: C:\Users\Daniel Bunker\Desktop\Test\AMEPrefs.xml
15:27:34,813 root WARNING Type_Fail: C:\Users\Daniel Bunker\Desktop\Test\AppPrefs.xml
15:27:34,814 root WARNING Type_Fail: C:\Users\Daniel Bunker\Desktop\Test\batch.xml
15:27:34,814 root WARNING Type_Fail: C:\Users\Daniel Bunker\Desktop\Test\PresetCache.xml
15:27:34,815 root WARNING Type_Fail: C:\Users\Daniel Bunker\Desktop\Test\PresetTree.xml
15:27:34,815 root WARNING Type_Fail: C:\Users\Daniel Bunker\Desktop\Test\UserWorkspace.xml
15:27:34,815 root WARNING Type_Fail: C:\Users\Daniel Bunker\Desktop\Test\UserWorkspace_2.xml
15:27:34,816 root WARNING Type_Fail: C:\Users\Daniel Bunker\Desktop\Test\UserWorkspace_6.xml
15:27:34,816 root WARNING Type_Fail: C:\Users\Daniel Bunker\Desktop\Test\Watch Folder Info.xml
15:27:34,817 root WARNING Type_Fail: C:\Users\Daniel Bunker\Desktop\Test\WorkspaceConfig.xml
15:27:34,818 root WARNING Type_Fail: C:\Users\Daniel Bunker\Desktop\Test\MeterBars.inc
15:27:34,818 root WARNING Type_Fail: C:\Users\Daniel Bunker\Desktop\Test\visualizer.ini
15:27:34,818 root WARNING Type_Fail: C:\Users\Daniel Bunker\Desktop\Test\(Config).essentialsound
15:27:34,819 root WARNING Type_Fail: C:\Users\Daniel Bunker\Desktop\Test\Adobe Media Encoder Prefs
15:27:34,819 root WARNING Type_Fail: C:\Users\Daniel Bunker\Desktop\Test\Adobe Premiere Pro Prefs
15:27:34,819 root WARNING Type_Fail: C:\Users\Daniel Bunker\Desktop\Test\AMERequestDB
15:27:34,820 root WARNING Type_Fail: C:\Users\Daniel Bunker\Desktop\Test\LocateDialog Column Settings
15:27:34,820 root WARNING Type_Fail: C:\Users\Daniel Bunker\Desktop\Test\WSMgrCfg
15:27:34,820 root WARNING Type_Fail: C:\Users\Daniel Bunker\Desktop\Test\Bunker Media.kys
15:27:34,821 root WARNING Type_Fail: C:\Users\Daniel Bunker\Desktop\Test\YouTour.kys
15:27:34,821 root WARNING Metadata_Fail: C:\Users\Daniel Bunker\Desktop\Test\Bad High Five.mp4
15:28:03,204 root WARNING Metadata_Fail: C:\Users\Daniel Bunker\Desktop\Test\CAC_Interview_bloopers_2.mp4
15:28:03,204 root WARNING Type_Fail: C:\Users\Daniel Bunker\Desktop\Test\visualizer.ini
15:28:28,362 root WARNING Metadata_Fail: C:\Users\Daniel Bunker\Desktop\Test\CAC_Interview_bloopers_2.mp4
15:28:28,363 root WARNING Type_Fail: C:\Users\Daniel Bunker\Desktop\Test\visualizer.ini
15:28:38,663 root WARNING Metadata_Fail: C:\Users\Daniel Bunker\Desktop\Test\CAC_Interview_bloopers_2.mp4
15:29:52,848 root WARNING Metadata_Fail: C:\Users\Daniel Bunker\Desktop\Test\CAC_Interview_bloopers_2.mp4
15:34:20,850 root WARNING Type_Fail: C:\Users\Daniel Bunker\Desktop\Test\Frothin Awesome - Copy - Copy (2) - Copy (3).mp4
15:34:20,850 root WARNING Type_Fail: C:\Users\Daniel Bunker\Desktop\Test\Frothin Awesome - Copy - Copy (2) - Copy (4).mp4
15:34:20,851 root WARNING Type_Fail: C:\Users\Daniel Bunker\Desktop\Test\Frothin Awesome - Copy - Copy (2) - Copy.mp4
15:34:20,851 root WARNING Type_Fail: C:\Users\Daniel Bunker\Desktop\Test\Frothin Awesome - Copy - Copy (2).mp4
15:34:20,852 root WARNING Type_Fail: C:\Users\Daniel Bunker\Desktop\Test\Frothin Awesome - Copy - Copy (3) - Copy.mp4
15:34:20,852 root WARNING Type_Fail: C:\Users\Daniel Bunker\Desktop\Test\Frothin Awesome - Copy - Copy (3).mp4
15:34:20,852 root WARNING Type_Fail: C:\Users\Daniel Bunker\Desktop\Test\Frothin Awesome - Copy - Copy (4) - Copy.mp4
15:34:20,853 root WARNING Type_Fail: C:\Users\Daniel Bunker\Desktop\Test\Frothin Awesome - Copy - Copy (4).mp4
15:34:20,853 root WARNING Type_Fail: C:\Users\Daniel Bunker\Desktop\Test\Frothin Awesome - Copy - Copy (5) - Copy.mp4
15:34:20,854 root WARNING Type_Fail: C:\Users\Daniel Bunker\Desktop\Test\Frothin Awesome - Copy - Copy (5).mp4
15:34:20,854 root WARNING Type_Fail: C:\Users\Daniel Bunker\Desktop\Test\Frothin Awesome - Copy - Copy (6).mp4
15:34:20,855 root WARNING Type_Fail: C:\Users\Daniel Bunker\Desktop\Test\Frothin Awesome - Copy - Copy.mp4
15:34:20,857 root WARNING Type_Fail: C:\Users\Daniel Bunker\Desktop\Test\Frothin Awesome - Copy (2) - Copy - Copy.mp4
15:34:20,859 root WARNING Type_Fail: C:\Users\Daniel Bunker\Desktop\Test\Frothin Awesome - Copy (2) - Copy (2) - Copy.mp4
15:34:20,860 root WARNING Type_Fail: C:\Users\Daniel Bunker\Desktop\Test\Frothin Awesome - Copy (2) - Copy (2).mp4
15:34:20,861 root WARNING Type_Fail: C:\Users\Daniel Bunker\Desktop\Test\Frothin Awesome - Copy (2) - Copy (3) - Copy.mp4
15:34:20,862 root WARNING Type_Fail: C:\Users\Daniel Bunker\Desktop\Test\Frothin Awesome - Copy (2) - Copy (3).mp4
15:34:20,863 root WARNING Type_Fail: C:\Users\Daniel Bunker\Desktop\Test\Frothin Awesome - Copy (2) - Copy (4).mp4
15:34:20,864 root WARNING Type_Fail: C:\Users\Daniel Bunker\Desktop\Test\Frothin Awesome - Copy (2) - Copy.mp4
15:34:20,864 root WARNING Type_Fail: C:\Users\Daniel Bunker\Desktop\Test\Frothin Awesome - Copy (2).mp4
15:34:20,865 root WARNING Type_Fail: C:\Users\Daniel Bunker\Desktop\Test\Frothin Awesome - Copy (3) - Copy - Copy.mp4
15:34:20,866 root WARNING Type_Fail: C:\Users\Daniel Bunker\Desktop\Test\Frothin Awesome - Copy (3) - Copy (2) - Copy.mp4
15:34:20,866 root WARNING Type_Fail: C:\Users\Daniel Bunker\Desktop\Test\Frothin Awesome - Copy (3) - Copy (2).mp4
15:34:20,867 root WARNING Type_Fail: C:\Users\Daniel Bunker\Desktop\Test\Frothin Awesome - Copy (3) - Copy (3) - Copy.mp4
15:34:20,871 root WARNING Type_Fail: C:\Users\Daniel Bunker\Desktop\Test\Frothin Awesome - Copy (3) - Copy (3).mp4
15:34:20,871 root WARNING Type_Fail: C:\Users\Daniel Bunker\Desktop\Test\Frothin Awesome - Copy (3) - Copy (4).mp4
15:34:20,872 root WARNING Type_Fail: C:\Users\Daniel Bunker\Desktop\Test\Frothin Awesome - Copy (3) - Copy.mp4
15:34:20,873 root WARNING Type_Fail: C:\Users\Daniel Bunker\Desktop\Test\Frothin Awesome - Copy (3).mp4
15:34:20,874 root WARNING Type_Fail: C:\Users\Daniel Bunker\Desktop\Test\Frothin Awesome - Copy (4) - Copy.mp4
15:34:20,874 root WARNING Type_Fail: C:\Users\Daniel Bunker\Desktop\Test\Frothin Awesome - Copy (4).mp4
15:34:20,875 root WARNING Type_Fail: C:\Users\Daniel Bunker\Desktop\Test\Frothin Awesome - Copy (5) - Copy.mp4
15:34:20,876 root WARNING Type_Fail: C:\Users\Daniel Bunker\Desktop\Test\Frothin Awesome - Copy (5).mp4
15:34:20,877 root WARNING Type_Fail: C:\Users\Daniel Bunker\Desktop\Test\Frothin Awesome - Copy (6) - Copy.mp4
15:34:20,877 root WARNING Type_Fail: C:\Users\Daniel Bunker\Desktop\Test\Frothin Awesome - Copy (6).mp4
15:34:20,878 root WARNING Type_Fail: C:\Users\Daniel Bunker\Desktop\Test\Frothin Awesome - Copy (7).mp4
15:34:20,879 root WARNING Type_Fail: C:\Users\Daniel Bunker\Desktop\Test\Frothin Awesome - Copy.mp4
15:34:20,879 root WARNING Type_Fail: C:\Users\Daniel Bunker\Desktop\Test\Frothin Awesome.mp4
15:34:20,881 root WARNING Type_Fail: C:\Users\Daniel Bunker\Desktop\Test\Fullysickhat.mp4
15:34:20,882 root WARNING Type_Fail: C:\Users\Daniel Bunker\Desktop\Test\Redeemer TVC_Best of Year 7 Interviews_Proof.mp4
15:34:20,883 root WARNING Type_Fail: C:\Users\Daniel Bunker\Desktop\Test\Shia LaBeouf Just Do It Motivational Speech (Origi.mp4
15:34:20,883 root WARNING Type_Fail: C:\Users\Daniel Bunker\Desktop\Test\starwarsdisco.mp4
15:34:20,885 root WARNING Type_Fail: C:\Users\Daniel Bunker\Desktop\Test\Takeo Ischi - New Bibi Hendl (Chicken Yodeling) 2011.mp4
15:34:20,887 root WARNING Type_Fail: C:\Users\Daniel Bunker\Desktop\Test\Thanos Snaps His Finger Meme.mp4
15:34:20,887 root WARNING Type_Fail: C:\Users\Daniel Bunker\Desktop\Test\Toddlers in Slow Motion.mp4
15:34:20,888 root WARNING Type_Fail: C:\Users\Daniel Bunker\Desktop\Test\Vladimir Cauchemar - Aulos (Official Music Video).mp4
15:34:20,889 root WARNING Type_Fail: C:\Users\Daniel Bunker\Desktop\Test\whut.mp4
15:34:20,889 root WARNING Type_Fail: C:\Users\Daniel Bunker\Desktop\Test\Effect Presets and Custom Items.prfpset
15:34:20,891 root WARNING Type_Fail: C:\Users\Daniel Bunker\Desktop\Test\Adobe Media Encoder Log.txt
15:34:20,892 root WARNING Type_Fail: C:\Users\Daniel Bunker\Desktop\Test\AMEEncodingErrorLog.txt
15:34:20,894 root WARNING Type_Fail: C:\Users\Daniel Bunker\Desktop\Test\AMEEncodingLog.txt
15:34:20,894 root WARNING Type_Fail: C:\Users\Daniel Bunker\Desktop\Test\Plugin Loading.log
15:34:20,895 root WARNING Type_Fail: C:\Users\Daniel Bunker\Desktop\Test\Trace Database.txt
15:34:20,896 root WARNING Type_Fail: C:\Users\Daniel Bunker\Desktop\Test\AMEPrefs.xml
15:34:20,896 root WARNING Type_Fail: C:\Users\Daniel Bunker\Desktop\Test\AppPrefs.xml
15:34:20,897 root WARNING Type_Fail: C:\Users\Daniel Bunker\Desktop\Test\batch.xml
15:34:20,898 root WARNING Type_Fail: C:\Users\Daniel Bunker\Desktop\Test\PresetCache.xml
15:34:20,898 root WARNING Type_Fail: C:\Users\Daniel Bunker\Desktop\Test\PresetTree.xml
15:34:20,899 root WARNING Type_Fail: C:\Users\Daniel Bunker\Desktop\Test\UserWorkspace.xml
15:34:20,900 root WARNING Type_Fail: C:\Users\Daniel Bunker\Desktop\Test\UserWorkspace_2.xml
15:34:20,903 root WARNING Type_Fail: C:\Users\Daniel Bunker\Desktop\Test\UserWorkspace_6.xml
15:34:20,903 root WARNING Type_Fail: C:\Users\Daniel Bunker\Desktop\Test\Watch Folder Info.xml
15:34:20,904 root WARNING Type_Fail: C:\Users\Daniel Bunker\Desktop\Test\WorkspaceConfig.xml
15:34:20,904 root WARNING Type_Fail: C:\Users\Daniel Bunker\Desktop\Test\MeterBars.inc
15:34:20,905 root WARNING Type_Fail: C:\Users\Daniel Bunker\Desktop\Test\visualizer.ini
15:34:20,905 root WARNING Type_Fail: C:\Users\Daniel Bunker\Desktop\Test\(Config).essentialsound
15:34:20,906 root WARNING Type_Fail: C:\Users\Daniel Bunker\Desktop\Test\Adobe Media Encoder Prefs
15:34:20,907 root WARNING Type_Fail: C:\Users\Daniel Bunker\Desktop\Test\Adobe Premiere Pro Prefs
15:34:20,908 root WARNING Type_Fail: C:\Users\Daniel Bunker\Desktop\Test\AMERequestDB
15:34:20,908 root WARNING Type_Fail: C:\Users\Daniel Bunker\Desktop\Test\LocateDialog Column Settings
15:34:20,909 root WARNING Type_Fail: C:\Users\Daniel Bunker\Desktop\Test\WSMgrCfg
15:34:20,910 root WARNING Type_Fail: C:\Users\Daniel Bunker\Desktop\Test\Bunker Media.kys
15:34:20,910 root WARNING Type_Fail: C:\Users\Daniel Bunker\Desktop\Test\YouTour.kys
15:34:20,911 root WARNING Type_Fail: C:\Users\Daniel Bunker\Desktop\Test\#INTRODUCTIONS (2015).mp4
15:34:20,913 root WARNING Type_Fail: C:\Users\Daniel Bunker\Desktop\Test\Bad High Five.mp4
15:34:20,913 root WARNING Type_Fail: C:\Users\Daniel Bunker\Desktop\Test\bounceboy.mp4
15:34:20,914 root WARNING Type_Fail: C:\Users\Daniel Bunker\Desktop\Test\CAC_Interview_bloopers_2.mp4
15:34:20,914 root WARNING Type_Fail: C:\Users\Daniel Bunker\Desktop\Test\Come to St Lukes.mp4
15:34:20,916 root WARNING Type_Fail: C:\Users\Daniel Bunker\Desktop\Test\Frothin Awesome - Copy - Copy - Copy - Copy.mp4
15:34:20,918 root WARNING Type_Fail: C:\Users\Daniel Bunker\Desktop\Test\Frothin Awesome - Copy - Copy - Copy (2) - Copy.mp4
15:34:20,918 root WARNING Type_Fail: C:\Users\Daniel Bunker\Desktop\Test\Frothin Awesome - Copy - Copy - Copy (2).mp4
15:34:20,919 root WARNING Type_Fail: C:\Users\Daniel Bunker\Desktop\Test\Frothin Awesome - Copy - Copy - Copy (3) - Copy.mp4
15:34:20,919 root WARNING Type_Fail: C:\Users\Daniel Bunker\Desktop\Test\Frothin Awesome - Copy - Copy - Copy (3).mp4
15:34:20,920 root WARNING Type_Fail: C:\Users\Daniel Bunker\Desktop\Test\Frothin Awesome - Copy - Copy - Copy (4).mp4
15:34:20,921 root WARNING Type_Fail: C:\Users\Daniel Bunker\Desktop\Test\Frothin Awesome - Copy - Copy - Copy.mp4
15:34:20,922 root WARNING Type_Fail: C:\Users\Daniel Bunker\Desktop\Test\Frothin Awesome - Copy - Copy (2) - Copy - Copy.mp4
15:34:20,923 root WARNING Type_Fail: C:\Users\Daniel Bunker\Desktop\Test\Frothin Awesome - Copy - Copy (2) - Copy (2) - Copy.mp4
15:34:20,924 root WARNING Type_Fail: C:\Users\Daniel Bunker\Desktop\Test\Frothin Awesome - Copy - Copy (2) - Copy (2).mp4
15:34:20,925 root WARNING Type_Fail: C:\Users\Daniel Bunker\Desktop\Test\Frothin Awesome - Copy - Copy (2) - Copy (3) - Copy.mp4
15:35:51,777 root WARNING Metadata_Fail: C:\Users\Daniel Bunker\Desktop\Test\CAC_Interview_bloopers_2.mp4
15:35:51,876 root WARNING Type_Fail: C:\Users\Daniel Bunker\Desktop\Test\Effect Presets and Custom Items.prfpset
15:35:51,877 root WARNING Type_Fail: C:\Users\Daniel Bunker\Desktop\Test\Adobe Media Encoder Log.txt
15:35:51,878 root WARNING Type_Fail: C:\Users\Daniel Bunker\Desktop\Test\AMEEncodingErrorLog.txt
15:35:51,879 root WARNING Type_Fail: C:\Users\Daniel Bunker\Desktop\Test\AMEEncodingLog.txt
15:35:51,880 root WARNING Type_Fail: C:\Users\Daniel Bunker\Desktop\Test\Plugin Loading.log
15:35:51,882 root WARNING Type_Fail: C:\Users\Daniel Bunker\Desktop\Test\Trace Database.txt
15:35:51,883 root WARNING Type_Fail: C:\Users\Daniel Bunker\Desktop\Test\AMEPrefs.xml
15:35:51,884 root WARNING Type_Fail: C:\Users\Daniel Bunker\Desktop\Test\AppPrefs.xml
15:35:51,886 root WARNING Type_Fail: C:\Users\Daniel Bunker\Desktop\Test\batch.xml
15:35:51,887 root WARNING Type_Fail: C:\Users\Daniel Bunker\Desktop\Test\PresetCache.xml
15:35:51,888 root WARNING Type_Fail: C:\Users\Daniel Bunker\Desktop\Test\PresetTree.xml
15:35:51,889 root WARNING Type_Fail: C:\Users\Daniel Bunker\Desktop\Test\UserWorkspace.xml
15:35:51,891 root WARNING Type_Fail: C:\Users\Daniel Bunker\Desktop\Test\UserWorkspace_2.xml
15:35:51,892 root WARNING Type_Fail: C:\Users\Daniel Bunker\Desktop\Test\UserWorkspace_6.xml
15:35:51,892 root WARNING Type_Fail: C:\Users\Daniel Bunker\Desktop\Test\Watch Folder Info.xml
15:35:51,893 root WARNING Type_Fail: C:\Users\Daniel Bunker\Desktop\Test\WorkspaceConfig.xml
15:35:51,894 root WARNING Type_Fail: C:\Users\Daniel Bunker\Desktop\Test\MeterBars.inc
15:35:51,894 root WARNING Type_Fail: C:\Users\Daniel Bunker\Desktop\Test\visualizer.ini
15:35:51,895 root WARNING Type_Fail: C:\Users\Daniel Bunker\Desktop\Test\(Config).essentialsound
15:35:51,895 root WARNING Type_Fail: C:\Users\Daniel Bunker\Desktop\Test\Adobe Media Encoder Prefs
15:35:51,896 root WARNING Type_Fail: C:\Users\Daniel Bunker\Desktop\Test\Adobe Premiere Pro Prefs
15:35:51,896 root WARNING Type_Fail: C:\Users\Daniel Bunker\Desktop\Test\AMERequestDB
15:35:51,897 root WARNING Type_Fail: C:\Users\Daniel Bunker\Desktop\Test\LocateDialog Column Settings
15:35:51,898 root WARNING Type_Fail: C:\Users\Daniel Bunker\Desktop\Test\WSMgrCfg
15:35:51,898 root WARNING Type_Fail: C:\Users\Daniel Bunker\Desktop\Test\Bunker Media.kys
15:35:51,899 root WARNING Type_Fail: C:\Users\Daniel Bunker\Desktop\Test\YouTour.kys
15:35:51,903 root WARNING Metadata_Fail: C:\Users\Daniel Bunker\Desktop\Test\Bad High Five.mp4
15:37:34,93 root WARNING Metadata_Fail: C:\Users\Daniel Bunker\Desktop\Test\CAC_Interview_bloopers_2.mp4
15:37:34,290 root WARNING Type_Fail: C:\Users\Daniel Bunker\Desktop\Test\Effect Presets and Custom Items.prfpset
15:37:34,291 root WARNING Type_Fail: C:\Users\Daniel Bunker\Desktop\Test\Adobe Media Encoder Log.txt
15:37:34,291 root WARNING Type_Fail: C:\Users\Daniel Bunker\Desktop\Test\AMEEncodingErrorLog.txt
15:37:34,292 root WARNING Type_Fail: C:\Users\Daniel Bunker\Desktop\Test\AMEEncodingLog.txt
15:37:34,293 root WARNING Type_Fail: C:\Users\Daniel Bunker\Desktop\Test\Plugin Loading.log
15:37:34,293 root WARNING Type_Fail: C:\Users\Daniel Bunker\Desktop\Test\Trace Database.txt
15:37:34,294 root WARNING Type_Fail: C:\Users\Daniel Bunker\Desktop\Test\AMEPrefs.xml
15:37:34,295 root WARNING Type_Fail: C:\Users\Daniel Bunker\Desktop\Test\AppPrefs.xml
15:37:34,295 root WARNING Type_Fail: C:\Users\Daniel Bunker\Desktop\Test\batch.xml
15:37:34,296 root WARNING Type_Fail: C:\Users\Daniel Bunker\Desktop\Test\PresetCache.xml
15:37:34,298 root WARNING Type_Fail: C:\Users\Daniel Bunker\Desktop\Test\PresetTree.xml
15:37:34,299 root WARNING Type_Fail: C:\Users\Daniel Bunker\Desktop\Test\UserWorkspace.xml
15:37:34,299 root WARNING Type_Fail: C:\Users\Daniel Bunker\Desktop\Test\UserWorkspace_2.xml
15:37:34,300 root WARNING Type_Fail: C:\Users\Daniel Bunker\Desktop\Test\UserWorkspace_6.xml
15:37:34,301 root WARNING Type_Fail: C:\Users\Daniel Bunker\Desktop\Test\Watch Folder Info.xml
15:37:34,301 root WARNING Type_Fail: C:\Users\Daniel Bunker\Desktop\Test\WorkspaceConfig.xml
15:37:34,302 root WARNING Type_Fail: C:\Users\Daniel Bunker\Desktop\Test\MeterBars.inc
15:37:34,302 root WARNING Type_Fail: C:\Users\Daniel Bunker\Desktop\Test\visualizer.ini
15:37:34,303 root WARNING Type_Fail: C:\Users\Daniel Bunker\Desktop\Test\(Config).essentialsound
15:37:34,304 root WARNING Type_Fail: C:\Users\Daniel Bunker\Desktop\Test\Adobe Media Encoder Prefs
15:37:34,304 root WARNING Type_Fail: C:\Users\Daniel Bunker\Desktop\Test\Adobe Premiere Pro Prefs
15:37:34,305 root WARNING Type_Fail: C:\Users\Daniel Bunker\Desktop\Test\AMERequestDB
15:37:34,305 root WARNING Type_Fail: C:\Users\Daniel Bunker\Desktop\Test\LocateDialog Column Settings
15:37:34,305 root WARNING Type_Fail: C:\Users\Daniel Bunker\Desktop\Test\WSMgrCfg
15:37:34,306 root WARNING Type_Fail: C:\Users\Daniel Bunker\Desktop\Test\Bunker Media.kys
15:37:34,306 root WARNING Type_Fail: C:\Users\Daniel Bunker\Desktop\Test\YouTour.kys
15:37:34,310 root WARNING Metadata_Fail: C:\Users\Daniel Bunker\Desktop\Test\Bad High Five.mp4
15:37:57,527 root WARNING Metadata_Fail: C:\Users\Daniel Bunker\Desktop\Test\CAC_Interview_bloopers_2.mp4
15:38:32,130 root WARNING Type_Fail: C:\Users\Daniel Bunker\Desktop\Test\LocateDialog Column Settings
15:38:32,130 root WARNING Type_Fail: C:\Users\Daniel Bunker\Desktop\Test\MeterBars.inc
15:38:32,131 root WARNING Type_Fail: C:\Users\Daniel Bunker\Desktop\Test\Plugin Loading.log
15:38:32,131 root WARNING Type_Fail: C:\Users\Daniel Bunker\Desktop\Test\PresetCache.xml
15:38:32,132 root WARNING Type_Fail: C:\Users\Daniel Bunker\Desktop\Test\PresetTree.xml
15:38:32,162 root WARNING Type_Fail: C:\Users\Daniel Bunker\Desktop\Test\Trace Database.txt
15:38:32,163 root WARNING Type_Fail: C:\Users\Daniel Bunker\Desktop\Test\UserWorkspace.xml
15:38:32,164 root WARNING Type_Fail: C:\Users\Daniel Bunker\Desktop\Test\UserWorkspace_2.xml
15:38:32,164 root WARNING Type_Fail: C:\Users\Daniel Bunker\Desktop\Test\UserWorkspace_6.xml
15:38:32,165 root WARNING Type_Fail: C:\Users\Daniel Bunker\Desktop\Test\visualizer.ini
15:38:32,214 root WARNING Type_Fail: C:\Users\Daniel Bunker\Desktop\Test\Watch Folder Info.xml
15:38:32,220 root WARNING Type_Fail: C:\Users\Daniel Bunker\Desktop\Test\WorkspaceConfig.xml
15:38:32,221 root WARNING Type_Fail: C:\Users\Daniel Bunker\Desktop\Test\WSMgrCfg
15:38:32,221 root WARNING Type_Fail: C:\Users\Daniel Bunker\Desktop\Test\YouTour.kys
15:38:32,225 root WARNING Type_Fail: C:\Users\Daniel Bunker\Desktop\Test\(Config).essentialsound
15:38:32,225 root WARNING Type_Fail: C:\Users\Daniel Bunker\Desktop\Test\Adobe Media Encoder Log.txt
15:38:32,226 root WARNING Type_Fail: C:\Users\Daniel Bunker\Desktop\Test\Adobe Media Encoder Prefs
15:38:32,226 root WARNING Type_Fail: C:\Users\Daniel Bunker\Desktop\Test\Adobe Premiere Pro Prefs
15:38:32,227 root WARNING Type_Fail: C:\Users\Daniel Bunker\Desktop\Test\AMEEncodingErrorLog.txt
15:38:32,228 root WARNING Type_Fail: C:\Users\Daniel Bunker\Desktop\Test\AMEEncodingLog.txt
15:38:32,228 root WARNING Type_Fail: C:\Users\Daniel Bunker\Desktop\Test\AMEPrefs.xml
15:38:32,229 root WARNING Type_Fail: C:\Users\Daniel Bunker\Desktop\Test\AMERequestDB
15:38:32,229 root WARNING Type_Fail: C:\Users\Daniel Bunker\Desktop\Test\AppPrefs.xml
15:38:32,230 root WARNING Metadata_Fail: C:\Users\Daniel Bunker\Desktop\Test\Bad High Five.mp4
15:38:32,231 root WARNING Type_Fail: C:\Users\Daniel Bunker\Desktop\Test\batch.xml
15:38:32,234 root WARNING Type_Fail: C:\Users\Daniel Bunker\Desktop\Test\Bunker Media.kys
15:38:32,235 root WARNING Metadata_Fail: C:\Users\Daniel Bunker\Desktop\Test\CAC_Interview_bloopers_2.mp4
15:38:32,238 root WARNING Type_Fail: C:\Users\Daniel Bunker\Desktop\Test\Effect Presets and Custom Items.prfpset
15:38:58,708 root WARNING Type_Fail: C:\Users\Daniel Bunker\Desktop\Test\LocateDialog Column Settings
15:38:58,708 root WARNING Type_Fail: C:\Users\Daniel Bunker\Desktop\Test\MeterBars.inc
15:38:58,709 root WARNING Type_Fail: C:\Users\Daniel Bunker\Desktop\Test\Plugin Loading.log
15:38:58,709 root WARNING Type_Fail: C:\Users\Daniel Bunker\Desktop\Test\PresetCache.xml
15:38:58,710 root WARNING Type_Fail: C:\Users\Daniel Bunker\Desktop\Test\PresetTree.xml
15:38:58,720 root WARNING Type_Fail: C:\Users\Daniel Bunker\Desktop\Test\Trace Database.txt
15:38:58,721 root WARNING Type_Fail: C:\Users\Daniel Bunker\Desktop\Test\UserWorkspace.xml
15:38:58,722 root WARNING Type_Fail: C:\Users\Daniel Bunker\Desktop\Test\UserWorkspace_2.xml
15:38:58,722 root WARNING Type_Fail: C:\Users\Daniel Bunker\Desktop\Test\UserWorkspace_6.xml
15:38:58,723 root WARNING Type_Fail: C:\Users\Daniel Bunker\Desktop\Test\visualizer.ini
15:38:58,768 root WARNING Type_Fail: C:\Users\Daniel Bunker\Desktop\Test\Watch Folder Info.xml
15:38:58,769 root WARNING Type_Fail: C:\Users\Daniel Bunker\Desktop\Test\WorkspaceConfig.xml
15:38:58,771 root WARNING Type_Fail: C:\Users\Daniel Bunker\Desktop\Test\WSMgrCfg
15:38:58,771 root WARNING Type_Fail: C:\Users\Daniel Bunker\Desktop\Test\YouTour.kys
15:38:58,772 root WARNING Type_Fail: C:\Users\Daniel Bunker\Desktop\Test\(Config).essentialsound
15:38:58,772 root WARNING Type_Fail: C:\Users\Daniel Bunker\Desktop\Test\Adobe Media Encoder Log.txt
15:38:58,773 root WARNING Type_Fail: C:\Users\Daniel Bunker\Desktop\Test\Adobe Media Encoder Prefs
15:38:58,773 root WARNING Type_Fail: C:\Users\Daniel Bunker\Desktop\Test\Adobe Premiere Pro Prefs
15:38:58,774 root WARNING Type_Fail: C:\Users\Daniel Bunker\Desktop\Test\AMEEncodingErrorLog.txt
15:38:58,774 root WARNING Type_Fail: C:\Users\Daniel Bunker\Desktop\Test\AMEEncodingLog.txt
15:38:58,774 root WARNING Type_Fail: C:\Users\Daniel Bunker\Desktop\Test\AMEPrefs.xml
15:38:58,776 root WARNING Type_Fail: C:\Users\Daniel Bunker\Desktop\Test\AMERequestDB
15:38:58,778 root WARNING Type_Fail: C:\Users\Daniel Bunker\Desktop\Test\AppPrefs.xml
15:38:58,778 root WARNING Metadata_Fail: C:\Users\Daniel Bunker\Desktop\Test\Bad High Five.mp4
15:38:58,779 root WARNING Type_Fail: C:\Users\Daniel Bunker\Desktop\Test\batch.xml
15:38:58,779 root WARNING Type_Fail: C:\Users\Daniel Bunker\Desktop\Test\Bunker Media.kys
15:38:58,780 root WARNING Metadata_Fail: C:\Users\Daniel Bunker\Desktop\Test\CAC_Interview_bloopers_2.mp4
15:38:58,780 root WARNING Type_Fail: C:\Users\Daniel Bunker\Desktop\Test\Effect Presets and Custom Items.prfpset
15:40:00,162 root WARNING Type_Fail: C:\Users\Daniel Bunker\Desktop\Test\LocateDialog Column Settings
15:40:00,162 root WARNING Type_Fail: C:\Users\Daniel Bunker\Desktop\Test\MeterBars.inc
15:40:00,163 root WARNING Type_Fail: C:\Users\Daniel Bunker\Desktop\Test\Plugin Loading.log
15:40:00,163 root WARNING Type_Fail: C:\Users\Daniel Bunker\Desktop\Test\PresetCache.xml
15:40:00,167 root WARNING Type_Fail: C:\Users\Daniel Bunker\Desktop\Test\PresetTree.xml
15:40:00,179 root WARNING Type_Fail: C:\Users\Daniel Bunker\Desktop\Test\Trace Database.txt
15:40:00,180 root WARNING Type_Fail: C:\Users\Daniel Bunker\Desktop\Test\UserWorkspace.xml
15:40:00,180 root WARNING Type_Fail: C:\Users\Daniel Bunker\Desktop\Test\UserWorkspace_2.xml
15:40:00,181 root WARNING Type_Fail: C:\Users\Daniel Bunker\Desktop\Test\UserWorkspace_6.xml
15:40:00,181 root WARNING Type_Fail: C:\Users\Daniel Bunker\Desktop\Test\visualizer.ini
15:40:00,226 root WARNING Type_Fail: C:\Users\Daniel Bunker\Desktop\Test\Watch Folder Info.xml
15:40:00,227 root WARNING Type_Fail: C:\Users\Daniel Bunker\Desktop\Test\WorkspaceConfig.xml
15:40:00,227 root WARNING Type_Fail: C:\Users\Daniel Bunker\Desktop\Test\WSMgrCfg
15:40:00,228 root WARNING Type_Fail: C:\Users\Daniel Bunker\Desktop\Test\YouTour.kys
15:40:00,230 root WARNING Type_Fail: C:\Users\Daniel Bunker\Desktop\Test\(Config).essentialsound
15:40:00,233 root WARNING Type_Fail: C:\Users\Daniel Bunker\Desktop\Test\Adobe Media Encoder Log.txt
15:40:00,234 root WARNING Type_Fail: C:\Users\Daniel Bunker\Desktop\Test\Adobe Media Encoder Prefs
15:40:00,234 root WARNING Type_Fail: C:\Users\Daniel Bunker\Desktop\Test\Adobe Premiere Pro Prefs
15:40:00,235 root WARNING Type_Fail: C:\Users\Daniel Bunker\Desktop\Test\AMEEncodingErrorLog.txt
15:40:00,235 root WARNING Type_Fail: C:\Users\Daniel Bunker\Desktop\Test\AMEEncodingLog.txt
15:40:00,236 root WARNING Type_Fail: C:\Users\Daniel Bunker\Desktop\Test\AMEPrefs.xml
15:40:00,236 root WARNING Type_Fail: C:\Users\Daniel Bunker\Desktop\Test\AMERequestDB
15:40:00,236 root WARNING Type_Fail: C:\Users\Daniel Bunker\Desktop\Test\AppPrefs.xml
15:40:00,237 root WARNING Metadata_Fail: C:\Users\Daniel Bunker\Desktop\Test\Bad High Five.mp4
15:40:00,237 root WARNING Type_Fail: C:\Users\Daniel Bunker\Desktop\Test\batch.xml
15:40:00,238 root WARNING Type_Fail: C:\Users\Daniel Bunker\Desktop\Test\Bunker Media.kys
15:40:00,238 root WARNING Metadata_Fail: C:\Users\Daniel Bunker\Desktop\Test\CAC_Interview_bloopers_2.mp4
15:40:00,239 root WARNING Type_Fail: C:\Users\Daniel Bunker\Desktop\Test\Effect Presets and Custom Items.prfpset
15:40:18,678 root WARNING Type_Fail: C:\Users\Daniel Bunker\Desktop\Test\LocateDialog Column Settings
15:40:18,679 root WARNING Type_Fail: C:\Users\Daniel Bunker\Desktop\Test\MeterBars.inc
15:40:18,679 root WARNING Type_Fail: C:\Users\Daniel Bunker\Desktop\Test\Plugin Loading.log
15:40:18,679 root WARNING Type_Fail: C:\Users\Daniel Bunker\Desktop\Test\PresetCache.xml
15:40:18,680 root WARNING Type_Fail: C:\Users\Daniel Bunker\Desktop\Test\PresetTree.xml
15:40:18,692 root WARNING Type_Fail: C:\Users\Daniel Bunker\Desktop\Test\Trace Database.txt
15:40:18,693 root WARNING Type_Fail: C:\Users\Daniel Bunker\Desktop\Test\UserWorkspace.xml
15:40:18,693 root WARNING Type_Fail: C:\Users\Daniel Bunker\Desktop\Test\UserWorkspace_2.xml
15:40:18,694 root WARNING Type_Fail: C:\Users\Daniel Bunker\Desktop\Test\UserWorkspace_6.xml
15:40:18,694 root WARNING Type_Fail: C:\Users\Daniel Bunker\Desktop\Test\visualizer.ini
15:40:18,740 root WARNING Type_Fail: C:\Users\Daniel Bunker\Desktop\Test\Watch Folder Info.xml
15:40:18,742 root WARNING Type_Fail: C:\Users\Daniel Bunker\Desktop\Test\WorkspaceConfig.xml
15:40:18,742 root WARNING Type_Fail: C:\Users\Daniel Bunker\Desktop\Test\WSMgrCfg
15:40:18,743 root WARNING Type_Fail: C:\Users\Daniel Bunker\Desktop\Test\YouTour.kys
15:40:18,746 root WARNING Type_Fail: C:\Users\Daniel Bunker\Desktop\Test\(Config).essentialsound
15:40:18,746 root WARNING Type_Fail: C:\Users\Daniel Bunker\Desktop\Test\Adobe Media Encoder Log.txt
15:40:18,751 root WARNING Type_Fail: C:\Users\Daniel Bunker\Desktop\Test\Adobe Media Encoder Prefs
15:40:18,752 root WARNING Type_Fail: C:\Users\Daniel Bunker\Desktop\Test\Adobe Premiere Pro Prefs
15:40:18,752 root WARNING Type_Fail: C:\Users\Daniel Bunker\Desktop\Test\AMEEncodingErrorLog.txt
15:40:18,753 root WARNING Type_Fail: C:\Users\Daniel Bunker\Desktop\Test\AMEEncodingLog.txt
15:40:18,753 root WARNING Type_Fail: C:\Users\Daniel Bunker\Desktop\Test\AMEPrefs.xml
15:40:18,754 root WARNING Type_Fail: C:\Users\Daniel Bunker\Desktop\Test\AMERequestDB
15:40:18,754 root WARNING Type_Fail: C:\Users\Daniel Bunker\Desktop\Test\AppPrefs.xml
15:40:18,758 root WARNING Metadata_Fail: C:\Users\Daniel Bunker\Desktop\Test\Bad High Five.mp4
15:40:18,759 root WARNING Type_Fail: C:\Users\Daniel Bunker\Desktop\Test\batch.xml
15:40:18,760 root WARNING Type_Fail: C:\Users\Daniel Bunker\Desktop\Test\Bunker Media.kys
15:40:18,761 root WARNING Metadata_Fail: C:\Users\Daniel Bunker\Desktop\Test\CAC_Interview_bloopers_2.mp4
15:40:18,762 root WARNING Type_Fail: C:\Users\Daniel Bunker\Desktop\Test\Effect Presets and Custom Items.prfpset
